{"message":"Something failed during startup.","stack":"Error: Something failed during startup.\n    at Object.<anonymous> (G:\\Study\\GitHub\\Login\\backend\\index.js:23:7)\n    at Module._compile (internal/modules/cjs/loader.js:689:30)\n    at Object.Module._extensions..js (internal/modules/cjs/loader.js:700:10)\n    at Module.load (internal/modules/cjs/loader.js:599:32)\n    at tryModuleLoad (internal/modules/cjs/loader.js:538:12)\n    at Function.Module._load (internal/modules/cjs/loader.js:530:3)\n    at Function.Module.runMain (internal/modules/cjs/loader.js:742:12)\n    at startup (internal/bootstrap/node.js:236:19)\n    at bootstrapNodeJSCore (internal/bootstrap/node.js:560:3)","level":"error","timestamp":"2018-08-21T13:31:31.819Z"}
{"message":"Something failed during startup.","stack":"Error: Something failed during startup.\n    at Object.<anonymous> (G:\\Study\\GitHub\\Login\\backend\\index.js:23:7)\n    at Module._compile (internal/modules/cjs/loader.js:689:30)\n    at Object.Module._extensions..js (internal/modules/cjs/loader.js:700:10)\n    at Module.load (internal/modules/cjs/loader.js:599:32)\n    at tryModuleLoad (internal/modules/cjs/loader.js:538:12)\n    at Function.Module._load (internal/modules/cjs/loader.js:530:3)\n    at Function.Module.runMain (internal/modules/cjs/loader.js:742:12)\n    at startup (internal/bootstrap/node.js:236:19)\n    at bootstrapNodeJSCore (internal/bootstrap/node.js:560:3)","level":"error","timestamp":"2018-08-21T13:32:06.842Z"}
{"message":"Something failed during startup.","stack":"Error: Something failed during startup.\n    at Object.<anonymous> (G:\\Study\\GitHub\\Login\\backend\\index.js:23:7)\n    at Module._compile (internal/modules/cjs/loader.js:689:30)\n    at Object.Module._extensions..js (internal/modules/cjs/loader.js:700:10)\n    at Module.load (internal/modules/cjs/loader.js:599:32)\n    at tryModuleLoad (internal/modules/cjs/loader.js:538:12)\n    at Function.Module._load (internal/modules/cjs/loader.js:530:3)\n    at Function.Module.runMain (internal/modules/cjs/loader.js:742:12)\n    at startup (internal/bootstrap/node.js:236:19)\n    at bootstrapNodeJSCore (internal/bootstrap/node.js:560:3)","level":"error","timestamp":"2018-08-21T13:32:11.429Z"}
{"level":"info","message":"Connected to MongoDB...","timestamp":"2018-08-21T13:53:54.545Z"}
{"level":"info","message":"Listening on port 3000...","timestamp":"2018-08-21T14:02:20.678Z"}
{"level":"info","message":"Connected to MongoDB...","timestamp":"2018-08-21T14:02:21.700Z"}
{"level":"info","message":"Listening on port 3000...","timestamp":"2018-08-21T14:03:44.940Z"}
{"level":"info","message":"Connected to MongoDB...","timestamp":"2018-08-21T14:03:46.208Z"}
{"level":"info","message":"Listening on port 3000...","timestamp":"2018-08-22T05:25:22.231Z"}
{"level":"info","message":"Connected to MongoDB...","timestamp":"2018-08-22T05:25:23.258Z"}
{"level":"info","message":"Listening on port 3000...","timestamp":"2018-08-22T05:26:04.448Z"}
{"level":"info","message":"Connected to MongoDB...","timestamp":"2018-08-22T05:26:05.479Z"}
{"level":"info","message":"Listening on port 3000...","timestamp":"2018-08-22T05:26:51.562Z"}
{"level":"info","message":"Connected to MongoDB...","timestamp":"2018-08-22T05:26:52.592Z"}
{"level":"info","message":"Listening on port 3000...","timestamp":"2018-08-22T05:33:18.858Z"}
{"level":"info","message":"Connected to MongoDB...","timestamp":"2018-08-22T05:33:19.891Z"}
{"level":"info","message":"Listening on port 3000...","timestamp":"2018-08-22T05:43:17.948Z"}
{"level":"info","message":"Connected to MongoDB...","timestamp":"2018-08-22T05:43:18.988Z"}
{"level":"info","message":"Listening on port 3000...","timestamp":"2018-08-22T05:44:55.258Z"}
{"level":"info","message":"Connected to MongoDB...","timestamp":"2018-08-22T05:44:56.292Z"}
{"level":"info","message":"Listening on port 3000...","timestamp":"2018-08-22T05:45:08.544Z"}
{"level":"info","message":"Connected to MongoDB...","timestamp":"2018-08-22T05:45:09.575Z"}
{"level":"info","message":"Listening on port 3000...","timestamp":"2018-08-22T05:45:35.802Z"}
{"level":"info","message":"Connected to MongoDB...","timestamp":"2018-08-22T05:45:36.830Z"}
{"level":"info","message":"Listening on port 3000...","timestamp":"2018-08-22T05:49:03.941Z"}
{"level":"info","message":"Connected to MongoDB...","timestamp":"2018-08-22T05:49:04.971Z"}
{"level":"info","message":"Listening on port 3000...","timestamp":"2018-08-22T05:49:41.692Z"}
{"level":"info","message":"Connected to MongoDB...","timestamp":"2018-08-22T05:49:42.727Z"}
{"level":"info","message":"Listening on port 3000...","timestamp":"2018-08-22T05:53:42.119Z"}
{"level":"info","message":"Listening on port 3000...","timestamp":"2018-08-22T05:53:48.133Z"}
{"level":"info","message":"Listening on port 3000...","timestamp":"2018-08-22T05:54:04.234Z"}
{"level":"info","message":"Connected to MongoDB...","timestamp":"2018-08-22T05:54:05.265Z"}
{"level":"info","message":"Listening on port 3000...","timestamp":"2018-08-22T05:55:08.695Z"}
{"level":"info","message":"Connected to MongoDB...","timestamp":"2018-08-22T05:55:09.733Z"}
{"level":"info","message":"Listening on port 3000...","timestamp":"2018-08-22T05:59:11.245Z"}
{"level":"info","message":"Connected to MongoDB...","timestamp":"2018-08-22T05:59:12.269Z"}
{"level":"info","message":"Listening on port 3000...","timestamp":"2018-08-22T06:07:05.474Z"}
{"level":"info","message":"Connected to MongoDB...","timestamp":"2018-08-22T06:07:06.519Z"}
{"level":"info","message":"Listening on port 3000...","timestamp":"2018-08-22T06:07:14.343Z"}
{"level":"info","message":"Connected to MongoDB...","timestamp":"2018-08-22T06:07:15.380Z"}
{"level":"info","message":"Listening on port 3000...","timestamp":"2018-08-22T06:07:50.706Z"}
{"level":"info","message":"Connected to MongoDB...","timestamp":"2018-08-22T06:07:51.741Z"}
{"level":"info","message":"Listening on port 3000...","timestamp":"2018-08-22T06:08:09.357Z"}
{"level":"info","message":"Connected to MongoDB...","timestamp":"2018-08-22T06:08:10.397Z"}
{"level":"info","message":"Listening on port 3000...","timestamp":"2018-08-22T06:08:47.825Z"}
{"level":"info","message":"Connected to MongoDB...","timestamp":"2018-08-22T06:08:48.860Z"}
{"level":"info","message":"Listening on port 3000...","timestamp":"2018-08-22T06:09:04.841Z"}
{"level":"info","message":"Connected to MongoDB...","timestamp":"2018-08-22T06:09:05.899Z"}
{"level":"info","message":"Listening on port 3000...","timestamp":"2018-08-22T06:09:09.546Z"}
{"level":"info","message":"Connected to MongoDB...","timestamp":"2018-08-22T06:09:10.559Z"}
{"level":"info","message":"Listening on port 3000...","timestamp":"2018-08-22T06:09:16.699Z"}
{"level":"info","message":"Connected to MongoDB...","timestamp":"2018-08-22T06:09:17.734Z"}
{"level":"info","message":"Listening on port 3000...","timestamp":"2018-08-22T06:12:07.870Z"}
{"level":"info","message":"Connected to MongoDB...","timestamp":"2018-08-22T06:12:08.886Z"}
{"level":"info","message":"Listening on port 3000...","timestamp":"2018-08-22T06:12:21.469Z"}
{"level":"info","message":"Connected to MongoDB...","timestamp":"2018-08-22T06:12:22.482Z"}
{"level":"info","message":"Listening on port 3000...","timestamp":"2018-08-22T06:12:43.286Z"}
{"level":"info","message":"Connected to MongoDB...","timestamp":"2018-08-22T06:12:44.322Z"}
{"level":"info","message":"Listening on port 3000...","timestamp":"2018-08-22T06:13:40.798Z"}
{"level":"info","message":"Connected to MongoDB...","timestamp":"2018-08-22T06:13:41.840Z"}
{"level":"info","message":"Listening on port 3000...","timestamp":"2018-08-22T06:14:39.036Z"}
{"level":"info","message":"Connected to MongoDB...","timestamp":"2018-08-22T06:14:40.079Z"}
{"level":"info","message":"Listening on port 3000...","timestamp":"2018-08-22T06:14:51.284Z"}
{"level":"info","message":"Connected to MongoDB...","timestamp":"2018-08-22T06:14:52.321Z"}
{"level":"info","message":"Listening on port 3000...","timestamp":"2018-08-22T06:15:46.165Z"}
{"level":"info","message":"Connected to MongoDB...","timestamp":"2018-08-22T06:15:47.207Z"}
{"level":"info","message":"Listening on port 3000...","timestamp":"2018-08-22T06:16:13.638Z"}
{"level":"info","message":"Connected to MongoDB...","timestamp":"2018-08-22T06:16:14.653Z"}
{"level":"info","message":"Listening on port 3000...","timestamp":"2018-08-22T06:16:52.708Z"}
{"level":"info","message":"Connected to MongoDB...","timestamp":"2018-08-22T06:16:53.750Z"}
{"level":"info","message":"Listening on port 3000...","timestamp":"2018-08-22T06:17:08.453Z"}
{"level":"info","message":"Connected to MongoDB...","timestamp":"2018-08-22T06:17:09.469Z"}
{"level":"info","message":"Listening on port 3000...","timestamp":"2018-08-22T06:18:18.907Z"}
{"level":"info","message":"Connected to MongoDB...","timestamp":"2018-08-22T06:18:19.948Z"}
{"level":"info","message":"Listening on port 3000...","timestamp":"2018-08-22T06:18:42.365Z"}
{"level":"info","message":"Connected to MongoDB...","timestamp":"2018-08-22T06:18:43.405Z"}
{"level":"info","message":"Listening on port 3000...","timestamp":"2018-08-22T06:18:57.469Z"}
{"level":"info","message":"Connected to MongoDB...","timestamp":"2018-08-22T06:18:58.513Z"}
{"message":"Unexpected token o in JSON at position 1","stack":"SyntaxError: Unexpected token o in JSON at position 1\n    at JSON.parse (<anonymous>)\n    at parse (D:\\Study\\Login\\backend\\node_modules\\body-parser\\lib\\types\\json.js:89:19)\n    at D:\\Study\\Login\\backend\\node_modules\\body-parser\\lib\\read.js:121:18\n    at invokeCallback (D:\\Study\\Login\\backend\\node_modules\\raw-body\\index.js:224:16)\n    at done (D:\\Study\\Login\\backend\\node_modules\\raw-body\\index.js:213:7)\n    at IncomingMessage.onEnd (D:\\Study\\Login\\backend\\node_modules\\raw-body\\index.js:273:7)\n    at emitNone (events.js:106:13)\n    at IncomingMessage.emit (events.js:208:7)\n    at endReadableNT (_stream_readable.js:1064:12)\n    at _combinedTickCallback (internal/process/next_tick.js:138:11)\n    at process._tickCallback (internal/process/next_tick.js:180:9)","expose":true,"statusCode":400,"status":400,"body":"[object Object]","type":"entity.parse.failed","level":"error","timestamp":"2018-08-22T06:42:10.667Z"}
{"level":"info","message":"Listening on port 3000...","timestamp":"2018-08-22T07:03:31.235Z"}
{"level":"info","message":"Connected to MongoDB...","timestamp":"2018-08-22T07:03:32.280Z"}
{"level":"info","message":"Listening on port 3000...","timestamp":"2018-08-22T07:03:56.425Z"}
{"level":"info","message":"Connected to MongoDB...","timestamp":"2018-08-22T07:03:57.469Z"}
{"level":"info","message":"Listening on port 3000...","timestamp":"2018-08-22T07:33:18.611Z"}
{"level":"info","message":"Connected to MongoDB...","timestamp":"2018-08-22T07:33:19.627Z"}
{"level":"info","message":"Listening on port 3000...","timestamp":"2018-08-22T07:36:49.274Z"}
{"level":"info","message":"Connected to MongoDB...","timestamp":"2018-08-22T07:36:50.311Z"}
{"level":"info","message":"Listening on port 3000...","timestamp":"2018-08-22T07:38:43.738Z"}
{"level":"info","message":"Connected to MongoDB...","timestamp":"2018-08-22T07:38:44.780Z"}
{"level":"info","message":"Listening on port 3000...","timestamp":"2018-08-22T07:40:15.852Z"}
{"level":"info","message":"Connected to MongoDB...","timestamp":"2018-08-22T07:40:16.896Z"}
{"level":"info","message":"Listening on port 3000...","timestamp":"2018-08-22T07:40:58.571Z"}
{"level":"info","message":"Connected to MongoDB...","timestamp":"2018-08-22T07:40:59.627Z"}
{"level":"info","message":"Listening on port 3000...","timestamp":"2018-08-22T07:57:13.063Z"}
{"level":"info","message":"Connected to MongoDB...","timestamp":"2018-08-22T07:57:14.102Z"}
{"level":"info","message":"Listening on port 3000...","timestamp":"2018-08-22T08:00:27.498Z"}
{"level":"info","message":"Connected to MongoDB...","timestamp":"2018-08-22T08:00:28.537Z"}
{"level":"info","message":"Listening on port 3000...","timestamp":"2018-08-22T08:00:55.229Z"}
{"level":"info","message":"Connected to MongoDB...","timestamp":"2018-08-22T08:00:56.270Z"}
{"level":"info","message":"Listening on port 3000...","timestamp":"2018-08-22T08:01:11.558Z"}
{"level":"info","message":"Connected to MongoDB...","timestamp":"2018-08-22T08:01:12.596Z"}
{"level":"info","message":"Listening on port 3000...","timestamp":"2018-08-22T08:03:31.262Z"}
{"level":"info","message":"Connected to MongoDB...","timestamp":"2018-08-22T08:03:32.298Z"}
{"level":"info","message":"Listening on port 3000...","timestamp":"2018-08-22T08:04:52.926Z"}
{"level":"info","message":"Connected to MongoDB...","timestamp":"2018-08-22T08:04:53.963Z"}
{"level":"info","message":"Listening on port 3000...","timestamp":"2018-08-22T08:08:41.951Z"}
{"level":"info","message":"Connected to MongoDB...","timestamp":"2018-08-22T08:08:42.988Z"}
{"level":"info","message":"Listening on port 3000...","timestamp":"2018-08-22T08:09:24.268Z"}
{"level":"info","message":"Connected to MongoDB...","timestamp":"2018-08-22T08:09:25.310Z"}
{"level":"info","message":"Listening on port 3000...","timestamp":"2018-08-22T08:09:40.850Z"}
{"level":"info","message":"Connected to MongoDB...","timestamp":"2018-08-22T08:09:41.891Z"}
{"level":"info","message":"Listening on port 3000...","timestamp":"2018-08-22T08:10:29.355Z"}
{"level":"info","message":"Connected to MongoDB...","timestamp":"2018-08-22T08:10:30.395Z"}
{"level":"info","message":"Listening on port 3000...","timestamp":"2018-08-22T08:10:39.763Z"}
{"level":"info","message":"Connected to MongoDB...","timestamp":"2018-08-22T08:10:40.815Z"}
{"level":"info","message":"Listening on port 3000...","timestamp":"2018-08-22T08:11:48.445Z"}
{"level":"info","message":"Connected to MongoDB...","timestamp":"2018-08-22T08:11:49.492Z"}
{"level":"info","message":"Listening on port 3000...","timestamp":"2018-08-22T08:11:55.081Z"}
{"level":"info","message":"Connected to MongoDB...","timestamp":"2018-08-22T08:11:56.117Z"}
{"level":"info","message":"Listening on port 3000...","timestamp":"2018-08-22T08:19:43.415Z"}
{"level":"info","message":"Connected to MongoDB...","timestamp":"2018-08-22T08:19:44.453Z"}
{"level":"info","message":"Listening on port 3000...","timestamp":"2018-08-22T08:21:56.946Z"}
{"level":"info","message":"Connected to MongoDB...","timestamp":"2018-08-22T08:21:57.981Z"}
{"message":"req.session.destory is not a function","stack":"TypeError: req.session.destory is not a function\n    at router.post (D:\\Study\\Login\\backend\\src\\routes\\auth.js:30:15)\n    at newFn (D:\\Study\\Login\\backend\\node_modules\\express-async-errors\\index.js:25:20)\n    at Layer.handle [as handle_request] (D:\\Study\\Login\\backend\\node_modules\\express\\lib\\router\\layer.js:95:5)\n    at next (D:\\Study\\Login\\backend\\node_modules\\express\\lib\\router\\route.js:137:13)\n    at Route.dispatch (D:\\Study\\Login\\backend\\node_modules\\express\\lib\\router\\route.js:112:3)\n    at newFn (D:\\Study\\Login\\backend\\node_modules\\express-async-errors\\index.js:25:20)\n    at Layer.handle [as handle_request] (D:\\Study\\Login\\backend\\node_modules\\express\\lib\\router\\layer.js:95:5)\n    at D:\\Study\\Login\\backend\\node_modules\\express\\lib\\router\\index.js:281:22\n    at Function.process_params (D:\\Study\\Login\\backend\\node_modules\\express\\lib\\router\\index.js:335:12)\n    at next (D:\\Study\\Login\\backend\\node_modules\\express\\lib\\router\\index.js:275:10)\n    at Function.handle (D:\\Study\\Login\\backend\\node_modules\\express\\lib\\router\\index.js:174:3)\n    at router (D:\\Study\\Login\\backend\\node_modules\\express\\lib\\router\\index.js:47:12)\n    at newFn (D:\\Study\\Login\\backend\\node_modules\\express-async-errors\\index.js:25:20)\n    at Layer.handle [as handle_request] (D:\\Study\\Login\\backend\\node_modules\\express\\lib\\router\\layer.js:95:5)\n    at trim_prefix (D:\\Study\\Login\\backend\\node_modules\\express\\lib\\router\\index.js:317:13)\n    at D:\\Study\\Login\\backend\\node_modules\\express\\lib\\router\\index.js:284:7","level":"error","timestamp":"2018-08-22T08:22:49.252Z"}
{"message":"req.session.destory is not a function","stack":"TypeError: req.session.destory is not a function\n    at router.post (D:\\Study\\Login\\backend\\src\\routes\\auth.js:30:15)\n    at newFn (D:\\Study\\Login\\backend\\node_modules\\express-async-errors\\index.js:25:20)\n    at Layer.handle [as handle_request] (D:\\Study\\Login\\backend\\node_modules\\express\\lib\\router\\layer.js:95:5)\n    at next (D:\\Study\\Login\\backend\\node_modules\\express\\lib\\router\\route.js:137:13)\n    at Route.dispatch (D:\\Study\\Login\\backend\\node_modules\\express\\lib\\router\\route.js:112:3)\n    at newFn (D:\\Study\\Login\\backend\\node_modules\\express-async-errors\\index.js:25:20)\n    at Layer.handle [as handle_request] (D:\\Study\\Login\\backend\\node_modules\\express\\lib\\router\\layer.js:95:5)\n    at D:\\Study\\Login\\backend\\node_modules\\express\\lib\\router\\index.js:281:22\n    at Function.process_params (D:\\Study\\Login\\backend\\node_modules\\express\\lib\\router\\index.js:335:12)\n    at next (D:\\Study\\Login\\backend\\node_modules\\express\\lib\\router\\index.js:275:10)\n    at Function.handle (D:\\Study\\Login\\backend\\node_modules\\express\\lib\\router\\index.js:174:3)\n    at router (D:\\Study\\Login\\backend\\node_modules\\express\\lib\\router\\index.js:47:12)\n    at newFn (D:\\Study\\Login\\backend\\node_modules\\express-async-errors\\index.js:25:20)\n    at Layer.handle [as handle_request] (D:\\Study\\Login\\backend\\node_modules\\express\\lib\\router\\layer.js:95:5)\n    at trim_prefix (D:\\Study\\Login\\backend\\node_modules\\express\\lib\\router\\index.js:317:13)\n    at D:\\Study\\Login\\backend\\node_modules\\express\\lib\\router\\index.js:284:7","level":"error","timestamp":"2018-08-22T08:22:58.718Z"}
{"level":"info","message":"Listening on port 3000...","timestamp":"2018-08-22T08:24:09.453Z"}
{"level":"info","message":"Connected to MongoDB...","timestamp":"2018-08-22T08:24:10.494Z"}
{"level":"info","message":"Listening on port 3000...","timestamp":"2018-08-22T08:24:13.974Z"}
{"level":"info","message":"Connected to MongoDB...","timestamp":"2018-08-22T08:24:15.012Z"}
{"level":"info","message":"Listening on port 3000...","timestamp":"2018-08-22T08:25:04.532Z"}
{"level":"info","message":"Connected to MongoDB...","timestamp":"2018-08-22T08:25:05.570Z"}
{"level":"info","message":"Listening on port 3000...","timestamp":"2018-08-22T08:26:05.590Z"}
{"level":"info","message":"Connected to MongoDB...","timestamp":"2018-08-22T08:26:06.638Z"}
{"level":"info","message":"Listening on port 3000...","timestamp":"2018-08-22T08:27:29.377Z"}
{"level":"info","message":"Connected to MongoDB...","timestamp":"2018-08-22T08:27:30.421Z"}
{"level":"info","message":"Listening on port 3000...","timestamp":"2018-08-22T08:27:49.033Z"}
{"level":"info","message":"Connected to MongoDB...","timestamp":"2018-08-22T08:27:50.071Z"}
{"level":"info","message":"Listening on port 3000...","timestamp":"2018-08-22T08:51:46.183Z"}
{"level":"info","message":"Connected to MongoDB...","timestamp":"2018-08-22T08:51:47.225Z"}
{"level":"info","message":"Listening on port 3000...","timestamp":"2018-08-22T08:52:04.942Z"}
{"level":"info","message":"Connected to MongoDB...","timestamp":"2018-08-22T08:52:05.983Z"}
{"level":"info","message":"Listening on port 3000...","timestamp":"2018-08-22T08:54:39.497Z"}
{"level":"info","message":"Connected to MongoDB...","timestamp":"2018-08-22T08:54:40.534Z"}
{"level":"info","message":"Listening on port 3000...","timestamp":"2018-08-22T08:54:59.798Z"}
{"level":"info","message":"Connected to MongoDB...","timestamp":"2018-08-22T08:55:00.839Z"}
{"level":"info","message":"Listening on port 3000...","timestamp":"2018-08-22T08:55:27.083Z"}
{"level":"info","message":"Connected to MongoDB...","timestamp":"2018-08-22T08:55:28.123Z"}
{"level":"info","message":"Listening on port 3000...","timestamp":"2018-08-22T08:55:34.109Z"}
{"level":"info","message":"Connected to MongoDB...","timestamp":"2018-08-22T08:55:35.142Z"}
{"level":"info","message":"Listening on port 3000...","timestamp":"2018-08-22T08:56:40.415Z"}
{"level":"info","message":"Connected to MongoDB...","timestamp":"2018-08-22T08:56:41.455Z"}
{"level":"info","message":"Listening on port 3000...","timestamp":"2018-08-22T08:56:59.345Z"}
{"level":"info","message":"Connected to MongoDB...","timestamp":"2018-08-22T08:57:00.398Z"}
{"level":"info","message":"Listening on port 3000...","timestamp":"2018-08-22T08:57:15.998Z"}
{"level":"info","message":"Connected to MongoDB...","timestamp":"2018-08-22T08:57:17.038Z"}
{"level":"info","message":"Listening on port 3000...","timestamp":"2018-08-22T08:57:42.799Z"}
{"level":"info","message":"Connected to MongoDB...","timestamp":"2018-08-22T08:57:43.832Z"}
{"level":"info","message":"Listening on port 3000...","timestamp":"2018-08-22T08:59:19.287Z"}
{"level":"info","message":"Connected to MongoDB...","timestamp":"2018-08-22T08:59:20.324Z"}
{"level":"info","message":"Listening on port 3000...","timestamp":"2018-08-22T08:59:34.724Z"}
{"level":"info","message":"Connected to MongoDB...","timestamp":"2018-08-22T08:59:35.768Z"}
{"level":"info","message":"Listening on port 3000...","timestamp":"2018-08-22T09:03:33.670Z"}
{"level":"info","message":"Connected to MongoDB...","timestamp":"2018-08-22T09:03:34.705Z"}
{"level":"info","message":"Listening on port 3000...","timestamp":"2018-08-22T09:04:36.177Z"}
{"level":"info","message":"Connected to MongoDB...","timestamp":"2018-08-22T09:04:37.216Z"}
{"level":"info","message":"Listening on port 3000...","timestamp":"2018-08-22T09:05:29.883Z"}
{"level":"info","message":"Connected to MongoDB...","timestamp":"2018-08-22T09:05:30.924Z"}
{"level":"info","message":"Listening on port 3000...","timestamp":"2018-08-22T09:05:43.466Z"}
{"level":"info","message":"Connected to MongoDB...","timestamp":"2018-08-22T09:05:44.510Z"}
{"level":"info","message":"Listening on port 3000...","timestamp":"2018-08-22T09:06:22.277Z"}
{"level":"info","message":"Connected to MongoDB...","timestamp":"2018-08-22T09:06:23.311Z"}
{"level":"info","message":"Listening on port 3000...","timestamp":"2018-08-22T09:06:40.199Z"}
{"level":"info","message":"Connected to MongoDB...","timestamp":"2018-08-22T09:06:41.241Z"}
{"level":"info","message":"Listening on port 3000...","timestamp":"2018-08-22T09:06:45.065Z"}
{"level":"info","message":"Connected to MongoDB...","timestamp":"2018-08-22T09:06:46.102Z"}
{"level":"info","message":"Listening on port 3000...","timestamp":"2018-08-22T09:06:58.920Z"}
{"level":"info","message":"Connected to MongoDB...","timestamp":"2018-08-22T09:06:59.958Z"}
{"level":"info","message":"Listening on port 3000...","timestamp":"2018-08-23T00:40:18.351Z"}
{"level":"info","message":"Connected to MongoDB...","timestamp":"2018-08-23T00:40:19.359Z"}
{"level":"info","message":"Listening on port 3000...","timestamp":"2018-08-23T00:52:55.292Z"}
{"level":"info","message":"Connected to MongoDB...","timestamp":"2018-08-23T00:52:56.333Z"}
{"level":"info","message":"Listening on port 3000...","timestamp":"2018-08-23T00:56:40.265Z"}
{"level":"info","message":"Connected to MongoDB...","timestamp":"2018-08-23T00:56:41.310Z"}
{"level":"info","message":"Listening on port 3000...","timestamp":"2018-08-23T00:57:07.509Z"}
{"level":"info","message":"Connected to MongoDB...","timestamp":"2018-08-23T00:57:08.560Z"}
{"level":"info","message":"Listening on port 3000...","timestamp":"2018-08-23T00:59:36.673Z"}
{"level":"info","message":"Connected to MongoDB...","timestamp":"2018-08-23T00:59:37.719Z"}
{"level":"info","message":"Listening on port 3000...","timestamp":"2018-08-23T04:44:56.203Z"}
{"level":"info","message":"Connected to MongoDB...","timestamp":"2018-08-23T04:44:57.217Z"}
{"level":"info","message":"Listening on port 3000...","timestamp":"2018-08-23T04:47:03.187Z"}
{"level":"info","message":"Connected to MongoDB...","timestamp":"2018-08-23T04:47:04.229Z"}
{"level":"info","message":"Listening on port 3000...","timestamp":"2018-08-23T04:47:26.198Z"}
{"level":"info","message":"Connected to MongoDB...","timestamp":"2018-08-23T04:47:27.242Z"}
{"level":"info","message":"Listening on port 3000...","timestamp":"2018-08-23T04:48:12.839Z"}
{"level":"info","message":"Connected to MongoDB...","timestamp":"2018-08-23T04:48:13.880Z"}
{"level":"info","message":"Listening on port 3000...","timestamp":"2018-08-23T04:48:48.613Z"}
{"level":"info","message":"Connected to MongoDB...","timestamp":"2018-08-23T04:48:49.648Z"}
{"level":"info","message":"Listening on port 3000...","timestamp":"2018-08-23T04:48:58.940Z"}
{"level":"info","message":"Connected to MongoDB...","timestamp":"2018-08-23T04:48:59.988Z"}
{"level":"info","message":"Listening on port 3000...","timestamp":"2018-08-23T04:49:16.514Z"}
{"level":"info","message":"Connected to MongoDB...","timestamp":"2018-08-23T04:49:17.555Z"}
{"level":"info","message":"Listening on port 3000...","timestamp":"2018-08-23T04:49:27.633Z"}
{"level":"info","message":"Connected to MongoDB...","timestamp":"2018-08-23T04:49:28.675Z"}
{"level":"info","message":"Listening on port 3000...","timestamp":"2018-08-23T04:49:45.563Z"}
{"level":"info","message":"Connected to MongoDB...","timestamp":"2018-08-23T04:49:46.602Z"}
{"level":"info","message":"Listening on port 3000...","timestamp":"2018-08-23T04:49:55.252Z"}
{"level":"info","message":"Connected to MongoDB...","timestamp":"2018-08-23T04:49:56.293Z"}
{"level":"info","message":"Listening on port 3000...","timestamp":"2018-08-23T04:50:03.625Z"}
{"level":"info","message":"Connected to MongoDB...","timestamp":"2018-08-23T04:50:04.669Z"}
{"level":"info","message":"Listening on port 3000...","timestamp":"2018-08-23T04:50:12.969Z"}
{"level":"info","message":"Listening on port 3000...","timestamp":"2018-08-23T04:50:16.316Z"}
{"level":"info","message":"Listening on port 3000...","timestamp":"2018-08-23T04:50:19.924Z"}
{"level":"info","message":"Connected to MongoDB...","timestamp":"2018-08-23T04:50:20.962Z"}
{"level":"info","message":"Listening on port 3000...","timestamp":"2018-08-23T04:53:30.298Z"}
{"level":"info","message":"Connected to MongoDB...","timestamp":"2018-08-23T04:53:31.355Z"}
